<?xml version="1.0" encoding="UTF-8"?>
<!-- Generated by org.testng.reporters.JUnitReportReporter -->
<testsuite hostname="LAPTOP-25FBABEP" name="example.NewTest" tests="1" failures="0" timestamp="29 Mar 2018 21:15:50 GMT" time="5.456" errors="0">
  <testcase name="testEasy" time="5.456" classname="example.NewTest"/>
</testsuite> <!-- example.NewTest -->
